<?xml version="1.0" encoding="utf-8"?><testsuites name="pytest tests"><testsuite name="pytest" errors="0" failures="0" skipped="0" tests="8" time="5.300" timestamp="2026-03-08T13:40:54.323344+00:00" hostname="agent-env-df9aee79-e301-4f0a-b477-f1cafd4ef5fc"><testcase classname="backend.tests.test_po_stage_and_hints.TestDatabaseSetup" name="test_reset_database" time="0.292" /><testcase classname="backend.tests.test_po_stage_and_hints.TestPOGeneratedStage" name="test_generate_po_action_transitions_to_po_generated" time="0.505" /><testcase classname="backend.tests.test_po_stage_and_hints.TestPOGeneratedStage" name="test_proforma_valid_on_po_generated_stage" time="0.695" /><testcase classname="backend.tests.test_po_stage_and_hints.TestPOGeneratedInStageFlow" name="test_po_generated_comes_after_deal_won" time="0.266" /><testcase classname="backend.tests.test_po_stage_and_hints.TestCompleteB2BProcurementFlow" name="test_full_flow_with_po_stage" time="2.773" /><testcase classname="backend.tests.test_po_stage_and_hints.TestFlexibleRFQAPIs" name="test_flexible_rfq_creation_works" time="0.374" /><testcase classname="backend.tests.test_po_stage_and_hints.TestAdminPortalAPIs" name="test_admin_overview_includes_po_generated" time="0.113" /><testcase classname="backend.tests.test_po_stage_and_hints.TestAdminPortalAPIs" name="test_admin_rfqs_includes_po_generated" time="0.167" /></testsuite></testsuites>