<?xml version="1.0" encoding="utf-8"?><testsuites name="pytest tests"><testsuite name="pytest" errors="0" failures="0" skipped="0" tests="26" time="3.382" timestamp="2026-02-28T09:46:31.038430+00:00" hostname="agent-env-b81366ce-fe96-4f4b-8a86-fac0fcb918cb"><testcase classname="backend.tests.test_procurement_lifecycle.TestHealthCheck" name="test_api_root" time="0.248" /><testcase classname="backend.tests.test_procurement_lifecycle.TestHealthCheck" name="test_reset_endpoint" time="0.102" /><testcase classname="backend.tests.test_procurement_lifecycle.TestProformaInvoice" name="test_get_proforma_empty" time="0.221" /><testcase classname="backend.tests.test_procurement_lifecycle.TestProformaInvoice" name="test_send_proforma_invoice" time="0.072" /><testcase classname="backend.tests.test_procurement_lifecycle.TestProformaInvoice" name="test_verify_proforma_sent" time="0.115" /><testcase classname="backend.tests.test_procurement_lifecycle.TestProformaInvoice" name="test_accept_proforma" time="0.117" /><testcase classname="backend.tests.test_procurement_lifecycle.TestPayments" name="test_record_payment" time="0.070" /><testcase classname="backend.tests.test_procurement_lifecycle.TestPayments" name="test_list_payments" time="0.062" /><testcase classname="backend.tests.test_procurement_lifecycle.TestPayments" name="test_confirm_payment" time="0.190" /><testcase classname="backend.tests.test_procurement_lifecycle.TestPayments" name="test_record_second_payment_and_confirm" time="0.168" /><testcase classname="backend.tests.test_procurement_lifecycle.TestShipments" name="test_add_shipment" time="0.126" /><testcase classname="backend.tests.test_procurement_lifecycle.TestShipments" name="test_list_shipments" time="0.063" /><testcase classname="backend.tests.test_procurement_lifecycle.TestDelivery" name="test_record_delivery" time="0.125" /><testcase classname="backend.tests.test_procurement_lifecycle.TestDelivery" name="test_list_deliveries" time="0.055" /><testcase classname="backend.tests.test_procurement_lifecycle.TestComplaints" name="test_raise_complaint" time="0.066" /><testcase classname="backend.tests.test_procurement_lifecycle.TestComplaints" name="test_list_complaints" time="0.053" /><testcase classname="backend.tests.test_procurement_lifecycle.TestComplaints" name="test_resolve_complaint" time="0.180" /><testcase classname="backend.tests.test_procurement_lifecycle.TestReview" name="test_submit_review" time="0.132" /><testcase classname="backend.tests.test_procurement_lifecycle.TestReview" name="test_get_review" time="0.060" /><testcase classname="backend.tests.test_procurement_lifecycle.TestReview" name="test_duplicate_review_fails" time="0.060" /><testcase classname="backend.tests.test_procurement_lifecycle.TestTrustScore" name="test_get_trust_score" time="0.058" /><testcase classname="backend.tests.test_procurement_lifecycle.TestFileUpload" name="test_list_files_empty" time="0.056" /><testcase classname="backend.tests.test_procurement_lifecycle.TestFileUpload" name="test_upload_file" time="0.147" /><testcase classname="backend.tests.test_procurement_lifecycle.TestFileUpload" name="test_list_files_after_upload" time="0.056" /><testcase classname="backend.tests.test_procurement_lifecycle.TestProformaRejectFlow" name="test_reject_proforma_flow" time="0.355" /><testcase classname="backend.tests.test_procurement_lifecycle.TestComplaintBlocksProgress" name="test_complaint_blocks_stage" time="0.288" /></testsuite></testsuites>