<?xml version="1.0" encoding="utf-8"?><testsuites name="pytest tests"><testsuite name="pytest" errors="0" failures="0" skipped="0" tests="14" time="4.075" timestamp="2026-03-08T10:51:40.854348+00:00" hostname="agent-env-b81366ce-fe96-4f4b-8a86-fac0fcb918cb"><testcase classname="backend.tests.test_iteration4_features.TestSetup" name="test_reset_database" time="0.360" /><testcase classname="backend.tests.test_iteration4_features.TestSetup" name="test_get_test_rfq_ids" time="0.275" /><testcase classname="backend.tests.test_iteration4_features.TestEdgeCaseValidationGuards" name="test_proforma_on_deal_lost_returns_400" time="0.102" /><testcase classname="backend.tests.test_iteration4_features.TestEdgeCaseValidationGuards" name="test_payment_on_deal_won_returns_400" time="0.117" /><testcase classname="backend.tests.test_iteration4_features.TestEdgeCaseValidationGuards" name="test_shipment_on_deal_won_returns_400" time="0.101" /><testcase classname="backend.tests.test_iteration4_features.TestEdgeCaseValidationGuards" name="test_delivery_on_deal_won_returns_400" time="0.103" /><testcase classname="backend.tests.test_iteration4_features.TestEdgeCaseValidationGuards" name="test_review_on_deal_lost_returns_400" time="0.102" /><testcase classname="backend.tests.test_iteration4_features.TestSellerVerifiedStage" name="test_verify_seller_on_rfq_sent_advances_to_seller_verified" time="0.194" /><testcase classname="backend.tests.test_iteration4_features.TestNotificationsEndpoint" name="test_buyer_notifications" time="0.100" /><testcase classname="backend.tests.test_iteration4_features.TestNotificationsEndpoint" name="test_seller_notifications" time="0.136" /><testcase classname="backend.tests.test_iteration4_features.TestNotificationsEndpoint" name="test_notifications_with_since_param" time="0.096" /><testcase classname="backend.tests.test_iteration4_features.TestDashboardKPIs" name="test_buyer_dashboard_has_in_fulfillment_kpi" time="0.109" /><testcase classname="backend.tests.test_iteration4_features.TestDashboardKPIs" name="test_seller_dashboard_has_in_fulfillment_kpi" time="0.130" /><testcase classname="backend.tests.test_iteration4_features.TestFullLifecycleAutoStageProgression" name="test_full_lifecycle_progression" time="1.952" /></testsuite></testsuites>